{"C:\\Users\\sebri\\workspace\\24-08-on\\webdevelopment\\testing-workshop\\src\\validateScore.js": {"path":"C:\\Users\\sebri\\workspace\\24-08-on\\webdevelopment\\testing-workshop\\src\\validateScore.js","all":false,"statementMap":{"0":{"start":{"line":1,"column":0},"end":{"line":1,"column":45}},"1":{"start":{"line":2,"column":0},"end":{"line":2,"column":52}},"2":{"start":{"line":3,"column":0},"end":{"line":3,"column":51}},"3":{"start":{"line":4,"column":0},"end":{"line":4,"column":58}},"4":{"start":{"line":5,"column":0},"end":{"line":5,"column":2}},"5":{"start":{"line":6,"column":0},"end":{"line":6,"column":20}},"6":{"start":{"line":7,"column":0},"end":{"line":7,"column":18}},"7":{"start":{"line":8,"column":0},"end":{"line":8,"column":19}},"8":{"start":{"line":9,"column":0},"end":{"line":9,"column":20}},"9":{"start":{"line":10,"column":0},"end":{"line":10,"column":16}},"10":{"start":{"line":11,"column":0},"end":{"line":11,"column":16}},"11":{"start":{"line":12,"column":0},"end":{"line":12,"column":6}},"12":{"start":{"line":13,"column":0},"end":{"line":13,"column":2}},"13":{"start":{"line":14,"column":0},"end":{"line":14,"column":48}},"14":{"start":{"line":15,"column":0},"end":{"line":15,"column":27}},"15":{"start":{"line":16,"column":0},"end":{"line":16,"column":51}},"16":{"start":{"line":17,"column":0},"end":{"line":17,"column":20}},"17":{"start":{"line":18,"column":0},"end":{"line":18,"column":5}},"18":{"start":{"line":19,"column":0},"end":{"line":19,"column":2}},"19":{"start":{"line":20,"column":0},"end":{"line":20,"column":36}},"20":{"start":{"line":21,"column":0},"end":{"line":21,"column":27}},"21":{"start":{"line":22,"column":0},"end":{"line":22,"column":54}},"22":{"start":{"line":23,"column":0},"end":{"line":23,"column":20}},"23":{"start":{"line":24,"column":0},"end":{"line":24,"column":5}},"24":{"start":{"line":25,"column":0},"end":{"line":25,"column":2}},"25":{"start":{"line":26,"column":0},"end":{"line":26,"column":35}},"26":{"start":{"line":27,"column":0},"end":{"line":27,"column":27}},"27":{"start":{"line":28,"column":0},"end":{"line":28,"column":65}},"28":{"start":{"line":29,"column":0},"end":{"line":29,"column":20}},"29":{"start":{"line":30,"column":0},"end":{"line":30,"column":5}},"30":{"start":{"line":31,"column":0},"end":{"line":31,"column":2}},"31":{"start":{"line":32,"column":0},"end":{"line":32,"column":21}},"32":{"start":{"line":33,"column":0},"end":{"line":33,"column":59}},"33":{"start":{"line":34,"column":0},"end":{"line":34,"column":29}},"34":{"start":{"line":35,"column":0},"end":{"line":35,"column":64}},"35":{"start":{"line":36,"column":0},"end":{"line":36,"column":22}},"36":{"start":{"line":37,"column":0},"end":{"line":37,"column":7}},"37":{"start":{"line":38,"column":0},"end":{"line":38,"column":37}},"38":{"start":{"line":39,"column":0},"end":{"line":39,"column":29}},"39":{"start":{"line":40,"column":0},"end":{"line":40,"column":62}},"40":{"start":{"line":41,"column":0},"end":{"line":41,"column":22}},"41":{"start":{"line":42,"column":0},"end":{"line":42,"column":7}},"42":{"start":{"line":43,"column":0},"end":{"line":43,"column":5}},"43":{"start":{"line":44,"column":0},"end":{"line":44,"column":2}},"44":{"start":{"line":45,"column":0},"end":{"line":45,"column":27}},"45":{"start":{"line":46,"column":0},"end":{"line":46,"column":37}},"46":{"start":{"line":47,"column":0},"end":{"line":47,"column":67}},"47":{"start":{"line":48,"column":0},"end":{"line":48,"column":59}},"48":{"start":{"line":49,"column":0},"end":{"line":49,"column":32}},"49":{"start":{"line":50,"column":0},"end":{"line":50,"column":5}},"50":{"start":{"line":51,"column":0},"end":{"line":51,"column":2}},"51":{"start":{"line":52,"column":0},"end":{"line":52,"column":47}},"52":{"start":{"line":53,"column":0},"end":{"line":53,"column":2}},"53":{"start":{"line":54,"column":0},"end":{"line":54,"column":45}},"54":{"start":{"line":55,"column":0},"end":{"line":55,"column":50}},"55":{"start":{"line":56,"column":0},"end":{"line":56,"column":50}},"56":{"start":{"line":57,"column":0},"end":{"line":57,"column":50}},"57":{"start":{"line":58,"column":0},"end":{"line":58,"column":28}},"58":{"start":{"line":59,"column":0},"end":{"line":59,"column":2}},"59":{"start":{"line":60,"column":0},"end":{"line":60,"column":18}},"60":{"start":{"line":61,"column":0},"end":{"line":61,"column":3}},"61":{"start":{"line":62,"column":0},"end":{"line":62,"column":2}},"62":{"start":{"line":63,"column":0},"end":{"line":63,"column":27}}},"s":{"0":5,"1":5,"2":5,"3":5,"4":5,"5":5,"6":5,"7":5,"8":5,"9":5,"10":5,"11":5,"12":5,"13":5,"14":0,"15":0,"16":0,"17":0,"18":5,"19":5,"20":1,"21":1,"22":1,"23":1,"24":4,"25":5,"26":0,"27":0,"28":0,"29":0,"30":4,"31":5,"32":1,"33":0,"34":0,"35":0,"36":0,"37":1,"38":1,"39":1,"40":1,"41":1,"42":1,"43":3,"44":3,"45":5,"46":1,"47":1,"48":1,"49":1,"50":3,"51":3,"52":3,"53":5,"54":3,"55":2,"56":1,"57":1,"58":3,"59":3,"60":5,"61":1,"62":1},"branchMap":{"0":{"type":"branch","line":1,"loc":{"start":{"line":1,"column":0},"end":{"line":61,"column":3}},"locations":[{"start":{"line":1,"column":0},"end":{"line":61,"column":3}}]},"1":{"type":"branch","line":3,"loc":{"start":{"line":3,"column":42},"end":{"line":3,"column":50}},"locations":[{"start":{"line":3,"column":42},"end":{"line":3,"column":50}}]},"2":{"type":"branch","line":4,"loc":{"start":{"line":4,"column":52},"end":{"line":4,"column":57}},"locations":[{"start":{"line":4,"column":52},"end":{"line":4,"column":57}}]},"3":{"type":"branch","line":14,"loc":{"start":{"line":14,"column":47},"end":{"line":18,"column":5}},"locations":[{"start":{"line":14,"column":47},"end":{"line":18,"column":5}}]},"4":{"type":"branch","line":20,"loc":{"start":{"line":20,"column":35},"end":{"line":24,"column":5}},"locations":[{"start":{"line":20,"column":35},"end":{"line":24,"column":5}}]},"5":{"type":"branch","line":24,"loc":{"start":{"line":24,"column":4},"end":{"line":26,"column":32}},"locations":[{"start":{"line":24,"column":4},"end":{"line":26,"column":32}}]},"6":{"type":"branch","line":26,"loc":{"start":{"line":26,"column":34},"end":{"line":30,"column":5}},"locations":[{"start":{"line":26,"column":34},"end":{"line":30,"column":5}}]},"7":{"type":"branch","line":30,"loc":{"start":{"line":30,"column":4},"end":{"line":32,"column":20}},"locations":[{"start":{"line":30,"column":4},"end":{"line":32,"column":20}}]},"8":{"type":"branch","line":32,"loc":{"start":{"line":32,"column":20},"end":{"line":43,"column":5}},"locations":[{"start":{"line":32,"column":20},"end":{"line":43,"column":5}}]},"9":{"type":"branch","line":33,"loc":{"start":{"line":33,"column":58},"end":{"line":37,"column":7}},"locations":[{"start":{"line":33,"column":58},"end":{"line":37,"column":7}}]},"10":{"type":"branch","line":43,"loc":{"start":{"line":43,"column":4},"end":{"line":46,"column":36}},"locations":[{"start":{"line":43,"column":4},"end":{"line":46,"column":36}}]},"11":{"type":"branch","line":46,"loc":{"start":{"line":46,"column":36},"end":{"line":50,"column":5}},"locations":[{"start":{"line":46,"column":36},"end":{"line":50,"column":5}}]},"12":{"type":"branch","line":50,"loc":{"start":{"line":50,"column":4},"end":{"line":54,"column":26}},"locations":[{"start":{"line":50,"column":4},"end":{"line":54,"column":26}}]},"13":{"type":"branch","line":54,"loc":{"start":{"line":54,"column":26},"end":{"line":54,"column":45}},"locations":[{"start":{"line":54,"column":26},"end":{"line":54,"column":45}}]},"14":{"type":"branch","line":55,"loc":{"start":{"line":55,"column":-2},"end":{"line":61,"column":2}},"locations":[{"start":{"line":55,"column":-2},"end":{"line":61,"column":2}}]},"15":{"type":"branch","line":55,"loc":{"start":{"line":55,"column":31},"end":{"line":55,"column":50}},"locations":[{"start":{"line":55,"column":31},"end":{"line":55,"column":50}}]},"16":{"type":"branch","line":56,"loc":{"start":{"line":56,"column":-2},"end":{"line":58,"column":28}},"locations":[{"start":{"line":56,"column":-2},"end":{"line":58,"column":28}}]},"17":{"type":"branch","line":56,"loc":{"start":{"line":56,"column":31},"end":{"line":58,"column":28}},"locations":[{"start":{"line":56,"column":31},"end":{"line":58,"column":28}}]},"18":{"type":"branch","line":57,"loc":{"start":{"line":57,"column":31},"end":{"line":57,"column":50}},"locations":[{"start":{"line":57,"column":31},"end":{"line":57,"column":50}}]}},"b":{"0":[5],"1":[4],"2":[4],"3":[0],"4":[1],"5":[4],"6":[0],"7":[4],"8":[1],"9":[0],"10":[3],"11":[1],"12":[3],"13":[0],"14":[3],"15":[1],"16":[2],"17":[1],"18":[0]},"fnMap":{"0":{"name":"validateScore","decl":{"start":{"line":1,"column":0},"end":{"line":61,"column":3}},"loc":{"start":{"line":1,"column":0},"end":{"line":61,"column":3}},"line":1}},"f":{"0":5}}
}
